<?xml version="1.0" encoding="UTF-8"?>
<!-- Generated by org.testng.reporters.JUnitReportReporter -->
<testsuite hostname="Sathish" failures="0" tests="1" name="MavenJava.AppiumTest" time="0.017" errors="0" timestamp="16 Jul 2021 03:59:36 GMT">
  <testcase classname="MavenJava.AppiumTest" name="AndroidApps" time="0.017"/>
</testsuite> <!-- MavenJava.AppiumTest -->
