<?xml version="1.0" encoding="UTF-8"?>
<!-- Generated by org.testng.reporters.JUnitReportReporter -->
<testsuite skipped="0" hostname="Sathish" name="MavenJava.AppiumTest" tests="6" failures="0" timestamp="2021-07-16T09:30:43 IST" time="0.013" errors="0">
  <testcase name="AndroidApps" time="0.008" classname="MavenJava.AppiumTest"/>
  <system-out/>
  <testcase name="AndroidApps" time="0.001" classname="MavenJava.AppiumTest"/>
  <system-out/>
  <testcase name="AndroidApps" time="0.001" classname="MavenJava.AppiumTest"/>
  <system-out/>
  <testcase name="AndroidApps" time="0.001" classname="MavenJava.AppiumTest"/>
  <system-out/>
  <testcase name="IOSApps" time="0.001" classname="MavenJava.AppiumTest"/>
  <system-out/>
  <testcase name="AndroidApps" time="0.001" classname="MavenJava.AppiumTest"/>
  <system-out/>
</testsuite> <!-- MavenJava.AppiumTest -->
