<?xml version="1.0" encoding="UTF-8"?>
<!-- Generated by org.testng.reporters.JUnitReportReporter -->
<testsuite skipped="0" hostname="Sathish" name="MavenJava.RestAPITest" tests="2" failures="0" timestamp="2021-07-16T09:30:43 IST" time="0.000" errors="0">
  <testcase name="APIResponse" time="0.000" classname="MavenJava.RestAPITest"/>
  <system-out/>
  <testcase name="APIRequest" time="0.000" classname="MavenJava.RestAPITest"/>
  <system-out/>
</testsuite> <!-- MavenJava.RestAPITest -->
