<?xml version="1.0" encoding="UTF-8"?>
<!-- Generated by org.testng.reporters.JUnitReportReporter -->
<testsuite skipped="0" hostname="Sathish" name="MavenJava.SeleniumTest" tests="2" failures="0" timestamp="2021-07-16T09:30:43 IST" time="0.000" errors="0">
  <testcase name="browserClose" time="0.000" classname="MavenJava.SeleniumTest"/>
  <system-out/>
  <testcase name="browserLoad" time="0.000" classname="MavenJava.SeleniumTest"/>
  <system-out/>
</testsuite> <!-- MavenJava.SeleniumTest -->
